Start testing: Jul 11 08:41 UTC
----------------------------------------------------------
Unable to find executable: /home/ubuntu/data/workplace/s2n/bin/s2n_3des_test
1/166 Testing: s2n_3des_test
1/166 Test: s2n_3des_test
Command: ""
Directory: /home/ubuntu/data/workplace/s2n/tests/unit
"s2n_3des_test" start time: 
Output:
----------------------------------------------------------
<end of output>
Test time =   0.00 sec
----------------------------------------------------------
Test Passed.
"s2n_3des_test" end time: Jul 11 08:41 UTC
"s2n_3des_test" time elapsed: 00:00:00
----------------------------------------------------------

Unable to find executable: /home/ubuntu/data/workplace/s2n/bin/s2n_aead_aes_test
2/166 Testing: s2n_aead_aes_test
2/166 Test: s2n_aead_aes_test
Command: ""
Directory: /home/ubuntu/data/workplace/s2n/tests/unit
"s2n_aead_aes_test" start time: 
Output:
----------------------------------------------------------
<end of output>
Test time =   0.00 sec
----------------------------------------------------------
Test Passed.
"s2n_aead_aes_test" end time: Jul 11 08:41 UTC
"s2n_aead_aes_test" time elapsed: 00:00:00
----------------------------------------------------------

Unable to find executable: /home/ubuntu/data/workplace/s2n/bin/s2n_aead_chacha20_poly1305_test
3/166 Testing: s2n_aead_chacha20_poly1305_test
3/166 Test: s2n_aead_chacha20_poly1305_test
Command: ""
Directory: /home/ubuntu/data/workplace/s2n/tests/unit
"s2n_aead_chacha20_poly1305_test" start time: 
Output:
----------------------------------------------------------
<end of output>
Test time =   0.00 sec
----------------------------------------------------------
Test Passed.
"s2n_aead_chacha20_poly1305_test" end time: Jul 11 08:41 UTC
"s2n_aead_chacha20_poly1305_test" time elapsed: 00:00:00
----------------------------------------------------------

Unable to find executable: /home/ubuntu/data/workplace/s2n/bin/s2n_aes_sha_composite_test
4/166 Testing: s2n_aes_sha_composite_test
4/166 Test: s2n_aes_sha_composite_test
Command: ""
Directory: /home/ubuntu/data/workplace/s2n/tests/unit
"s2n_aes_sha_composite_test" start time: 
Output:
----------------------------------------------------------
<end of output>
Test time =   0.00 sec
----------------------------------------------------------
Test Passed.
"s2n_aes_sha_composite_test" end time: Jul 11 08:41 UTC
"s2n_aes_sha_composite_test" time elapsed: 00:00:00
----------------------------------------------------------

Unable to find executable: /home/ubuntu/data/workplace/s2n/bin/s2n_aes_test
5/166 Testing: s2n_aes_test
5/166 Test: s2n_aes_test
Command: ""
Directory: /home/ubuntu/data/workplace/s2n/tests/unit
"s2n_aes_test" start time: 
Output:
----------------------------------------------------------
<end of output>
Test time =   0.00 sec
----------------------------------------------------------
Test Passed.
"s2n_aes_test" end time: Jul 11 08:41 UTC
"s2n_aes_test" time elapsed: 00:00:00
----------------------------------------------------------

Unable to find executable: /home/ubuntu/data/workplace/s2n/bin/s2n_array_test
6/166 Testing: s2n_array_test
6/166 Test: s2n_array_test
Command: ""
Directory: /home/ubuntu/data/workplace/s2n/tests/unit
"s2n_array_test" start time: 
Output:
----------------------------------------------------------
<end of output>
Test time =   0.00 sec
----------------------------------------------------------
Test Passed.
"s2n_array_test" end time: Jul 11 08:41 UTC
"s2n_array_test" time elapsed: 00:00:00
----------------------------------------------------------

Unable to find executable: /home/ubuntu/data/workplace/s2n/bin/s2n_asn1_time_test
7/166 Testing: s2n_asn1_time_test
7/166 Test: s2n_asn1_time_test
Command: ""
Directory: /home/ubuntu/data/workplace/s2n/tests/unit
"s2n_asn1_time_test" start time: 
Output:
----------------------------------------------------------
<end of output>
Test time =   0.00 sec
----------------------------------------------------------
Test Passed.
"s2n_asn1_time_test" end time: Jul 11 08:41 UTC
"s2n_asn1_time_test" time elapsed: 00:00:00
----------------------------------------------------------

Unable to find executable: /home/ubuntu/data/workplace/s2n/bin/s2n_async_pkey_test
8/166 Testing: s2n_async_pkey_test
8/166 Test: s2n_async_pkey_test
Command: ""
Directory: /home/ubuntu/data/workplace/s2n/tests/unit
"s2n_async_pkey_test" start time: 
Output:
----------------------------------------------------------
<end of output>
Test time =   0.00 sec
----------------------------------------------------------
Test Passed.
"s2n_async_pkey_test" end time: Jul 11 08:41 UTC
"s2n_async_pkey_test" time elapsed: 00:00:00
----------------------------------------------------------

Unable to find executable: /home/ubuntu/data/workplace/s2n/bin/s2n_auth_selection_test
9/166 Testing: s2n_auth_selection_test
9/166 Test: s2n_auth_selection_test
Command: ""
Directory: /home/ubuntu/data/workplace/s2n/tests/unit
"s2n_auth_selection_test" start time: 
Output:
----------------------------------------------------------
<end of output>
Test time =   0.00 sec
----------------------------------------------------------
Test Passed.
"s2n_auth_selection_test" end time: Jul 11 08:41 UTC
"s2n_auth_selection_test" time elapsed: 00:00:00
----------------------------------------------------------

Unable to find executable: /home/ubuntu/data/workplace/s2n/bin/s2n_bike_r1_kat_test
10/166 Testing: s2n_bike_r1_kat_test
10/166 Test: s2n_bike_r1_kat_test
Command: ""
Directory: /home/ubuntu/data/workplace/s2n/tests/unit
"s2n_bike_r1_kat_test" start time: 
Output:
----------------------------------------------------------
<end of output>
Test time =   0.00 sec
----------------------------------------------------------
Test Passed.
"s2n_bike_r1_kat_test" end time: Jul 11 08:41 UTC
"s2n_bike_r1_kat_test" time elapsed: 00:00:00
----------------------------------------------------------

Unable to find executable: /home/ubuntu/data/workplace/s2n/bin/s2n_bike_r1_kem_test
11/166 Testing: s2n_bike_r1_kem_test
11/166 Test: s2n_bike_r1_kem_test
Command: ""
Directory: /home/ubuntu/data/workplace/s2n/tests/unit
"s2n_bike_r1_kem_test" start time: 
Output:
----------------------------------------------------------
<end of output>
Test time =   0.00 sec
----------------------------------------------------------
Test Passed.
"s2n_bike_r1_kem_test" end time: Jul 11 08:41 UTC
"s2n_bike_r1_kem_test" time elapsed: 00:00:00
----------------------------------------------------------

Unable to find executable: /home/ubuntu/data/workplace/s2n/bin/s2n_bike_r2_kat_test
12/166 Testing: s2n_bike_r2_kat_test
12/166 Test: s2n_bike_r2_kat_test
Command: ""
Directory: /home/ubuntu/data/workplace/s2n/tests/unit
"s2n_bike_r2_kat_test" start time: 
Output:
----------------------------------------------------------
<end of output>
Test time =   0.00 sec
----------------------------------------------------------
Test Passed.
"s2n_bike_r2_kat_test" end time: Jul 11 08:41 UTC
"s2n_bike_r2_kat_test" time elapsed: 00:00:00
----------------------------------------------------------

Unable to find executable: /home/ubuntu/data/workplace/s2n/bin/s2n_bike_r2_kem_test
13/166 Testing: s2n_bike_r2_kem_test
13/166 Test: s2n_bike_r2_kem_test
Command: ""
Directory: /home/ubuntu/data/workplace/s2n/tests/unit
"s2n_bike_r2_kem_test" start time: 
Output:
----------------------------------------------------------
<end of output>
Test time =   0.00 sec
----------------------------------------------------------
Test Passed.
"s2n_bike_r2_kem_test" end time: Jul 11 08:41 UTC
"s2n_bike_r2_kem_test" time elapsed: 00:00:00
----------------------------------------------------------

Unable to find executable: /home/ubuntu/data/workplace/s2n/bin/s2n_blob_test
14/166 Testing: s2n_blob_test
14/166 Test: s2n_blob_test
Command: ""
Directory: /home/ubuntu/data/workplace/s2n/tests/unit
"s2n_blob_test" start time: 
Output:
----------------------------------------------------------
<end of output>
Test time =   0.00 sec
----------------------------------------------------------
Test Passed.
"s2n_blob_test" end time: Jul 11 08:41 UTC
"s2n_blob_test" time elapsed: 00:00:00
----------------------------------------------------------

Unable to find executable: /home/ubuntu/data/workplace/s2n/bin/s2n_cbc_verify_test
15/166 Testing: s2n_cbc_verify_test
15/166 Test: s2n_cbc_verify_test
Command: ""
Directory: /home/ubuntu/data/workplace/s2n/tests/unit
"s2n_cbc_verify_test" start time: 
Output:
----------------------------------------------------------
<end of output>
Test time =   0.00 sec
----------------------------------------------------------
Test Passed.
"s2n_cbc_verify_test" end time: Jul 11 08:41 UTC
"s2n_cbc_verify_test" time elapsed: 00:00:00
----------------------------------------------------------

Unable to find executable: /home/ubuntu/data/workplace/s2n/bin/s2n_cert_chain_and_key_test
16/166 Testing: s2n_cert_chain_and_key_test
16/166 Test: s2n_cert_chain_and_key_test
Command: ""
Directory: /home/ubuntu/data/workplace/s2n/tests/unit
"s2n_cert_chain_and_key_test" start time: 
Output:
----------------------------------------------------------
<end of output>
Test time =   0.00 sec
----------------------------------------------------------
Test Passed.
"s2n_cert_chain_and_key_test" end time: Jul 11 08:41 UTC
"s2n_cert_chain_and_key_test" time elapsed: 00:00:00
----------------------------------------------------------

Unable to find executable: /home/ubuntu/data/workplace/s2n/bin/s2n_certificate_extensions_test
17/166 Testing: s2n_certificate_extensions_test
17/166 Test: s2n_certificate_extensions_test
Command: ""
Directory: /home/ubuntu/data/workplace/s2n/tests/unit
"s2n_certificate_extensions_test" start time: 
Output:
----------------------------------------------------------
<end of output>
Test time =   0.00 sec
----------------------------------------------------------
Test Passed.
"s2n_certificate_extensions_test" end time: Jul 11 08:41 UTC
"s2n_certificate_extensions_test" time elapsed: 00:00:00
----------------------------------------------------------

Unable to find executable: /home/ubuntu/data/workplace/s2n/bin/s2n_change_cipher_spec_test
18/166 Testing: s2n_change_cipher_spec_test
18/166 Test: s2n_change_cipher_spec_test
Command: ""
Directory: /home/ubuntu/data/workplace/s2n/tests/unit
"s2n_change_cipher_spec_test" start time: 
Output:
----------------------------------------------------------
<end of output>
Test time =   0.00 sec
----------------------------------------------------------
Test Passed.
"s2n_change_cipher_spec_test" end time: Jul 11 08:41 UTC
"s2n_change_cipher_spec_test" time elapsed: 00:00:00
----------------------------------------------------------

Unable to find executable: /home/ubuntu/data/workplace/s2n/bin/s2n_choose_supported_group_test
19/166 Testing: s2n_choose_supported_group_test
19/166 Test: s2n_choose_supported_group_test
Command: ""
Directory: /home/ubuntu/data/workplace/s2n/tests/unit
"s2n_choose_supported_group_test" start time: 
Output:
----------------------------------------------------------
<end of output>
Test time =   0.00 sec
----------------------------------------------------------
Test Passed.
"s2n_choose_supported_group_test" end time: Jul 11 08:41 UTC
"s2n_choose_supported_group_test" time elapsed: 00:00:00
----------------------------------------------------------

Unable to find executable: /home/ubuntu/data/workplace/s2n/bin/s2n_cipher_suite_match_test
20/166 Testing: s2n_cipher_suite_match_test
20/166 Test: s2n_cipher_suite_match_test
Command: ""
Directory: /home/ubuntu/data/workplace/s2n/tests/unit
"s2n_cipher_suite_match_test" start time: 
Output:
----------------------------------------------------------
<end of output>
Test time =   0.00 sec
----------------------------------------------------------
Test Passed.
"s2n_cipher_suite_match_test" end time: Jul 11 08:41 UTC
"s2n_cipher_suite_match_test" time elapsed: 00:00:00
----------------------------------------------------------

Unable to find executable: /home/ubuntu/data/workplace/s2n/bin/s2n_cleanup_test
21/166 Testing: s2n_cleanup_test
21/166 Test: s2n_cleanup_test
Command: ""
Directory: /home/ubuntu/data/workplace/s2n/tests/unit
"s2n_cleanup_test" start time: 
Output:
----------------------------------------------------------
<end of output>
Test time =   0.00 sec
----------------------------------------------------------
Test Passed.
"s2n_cleanup_test" end time: Jul 11 08:41 UTC
"s2n_cleanup_test" time elapsed: 00:00:00
----------------------------------------------------------

Unable to find executable: /home/ubuntu/data/workplace/s2n/bin/s2n_client_alpn_extension_test
22/166 Testing: s2n_client_alpn_extension_test
22/166 Test: s2n_client_alpn_extension_test
Command: ""
Directory: /home/ubuntu/data/workplace/s2n/tests/unit
"s2n_client_alpn_extension_test" start time: 
Output:
----------------------------------------------------------
<end of output>
Test time =   0.00 sec
----------------------------------------------------------
Test Passed.
"s2n_client_alpn_extension_test" end time: Jul 11 08:41 UTC
"s2n_client_alpn_extension_test" time elapsed: 00:00:00
----------------------------------------------------------

Unable to find executable: /home/ubuntu/data/workplace/s2n/bin/s2n_client_auth_handshake_test
23/166 Testing: s2n_client_auth_handshake_test
23/166 Test: s2n_client_auth_handshake_test
Command: ""
Directory: /home/ubuntu/data/workplace/s2n/tests/unit
"s2n_client_auth_handshake_test" start time: 
Output:
----------------------------------------------------------
<end of output>
Test time =   0.00 sec
----------------------------------------------------------
Test Passed.
"s2n_client_auth_handshake_test" end time: Jul 11 08:41 UTC
"s2n_client_auth_handshake_test" time elapsed: 00:00:00
----------------------------------------------------------

Unable to find executable: /home/ubuntu/data/workplace/s2n/bin/s2n_client_cert_request_context_test
24/166 Testing: s2n_client_cert_request_context_test
24/166 Test: s2n_client_cert_request_context_test
Command: ""
Directory: /home/ubuntu/data/workplace/s2n/tests/unit
"s2n_client_cert_request_context_test" start time: 
Output:
----------------------------------------------------------
<end of output>
Test time =   0.00 sec
----------------------------------------------------------
Test Passed.
"s2n_client_cert_request_context_test" end time: Jul 11 08:41 UTC
"s2n_client_cert_request_context_test" time elapsed: 00:00:00
----------------------------------------------------------

Unable to find executable: /home/ubuntu/data/workplace/s2n/bin/s2n_client_empty_cert_test
25/166 Testing: s2n_client_empty_cert_test
25/166 Test: s2n_client_empty_cert_test
Command: ""
Directory: /home/ubuntu/data/workplace/s2n/tests/unit
"s2n_client_empty_cert_test" start time: 
Output:
----------------------------------------------------------
<end of output>
Test time =   0.00 sec
----------------------------------------------------------
Test Passed.
"s2n_client_empty_cert_test" end time: Jul 11 08:41 UTC
"s2n_client_empty_cert_test" time elapsed: 00:00:00
----------------------------------------------------------

Unable to find executable: /home/ubuntu/data/workplace/s2n/bin/s2n_client_extensions_test
26/166 Testing: s2n_client_extensions_test
26/166 Test: s2n_client_extensions_test
Command: ""
Directory: /home/ubuntu/data/workplace/s2n/tests/unit
"s2n_client_extensions_test" start time: 
Output:
----------------------------------------------------------
<end of output>
Test time =   0.00 sec
----------------------------------------------------------
Test Passed.
"s2n_client_extensions_test" end time: Jul 11 08:41 UTC
"s2n_client_extensions_test" time elapsed: 00:00:00
----------------------------------------------------------

Unable to find executable: /home/ubuntu/data/workplace/s2n/bin/s2n_client_hello_recv_test
27/166 Testing: s2n_client_hello_recv_test
27/166 Test: s2n_client_hello_recv_test
Command: ""
Directory: /home/ubuntu/data/workplace/s2n/tests/unit
"s2n_client_hello_recv_test" start time: 
Output:
----------------------------------------------------------
<end of output>
Test time =   0.00 sec
----------------------------------------------------------
Test Passed.
"s2n_client_hello_recv_test" end time: Jul 11 08:41 UTC
"s2n_client_hello_recv_test" time elapsed: 00:00:00
----------------------------------------------------------

Unable to find executable: /home/ubuntu/data/workplace/s2n/bin/s2n_client_hello_retry_test
28/166 Testing: s2n_client_hello_retry_test
28/166 Test: s2n_client_hello_retry_test
Command: ""
Directory: /home/ubuntu/data/workplace/s2n/tests/unit
"s2n_client_hello_retry_test" start time: 
Output:
----------------------------------------------------------
<end of output>
Test time =   0.00 sec
----------------------------------------------------------
Test Passed.
"s2n_client_hello_retry_test" end time: Jul 11 08:41 UTC
"s2n_client_hello_retry_test" time elapsed: 00:00:00
----------------------------------------------------------

Unable to find executable: /home/ubuntu/data/workplace/s2n/bin/s2n_client_hello_test
29/166 Testing: s2n_client_hello_test
29/166 Test: s2n_client_hello_test
Command: ""
Directory: /home/ubuntu/data/workplace/s2n/tests/unit
"s2n_client_hello_test" start time: 
Output:
----------------------------------------------------------
<end of output>
Test time =   0.00 sec
----------------------------------------------------------
Test Passed.
"s2n_client_hello_test" end time: Jul 11 08:41 UTC
"s2n_client_hello_test" time elapsed: 00:00:00
----------------------------------------------------------

Unable to find executable: /home/ubuntu/data/workplace/s2n/bin/s2n_client_key_share_extension_test
30/166 Testing: s2n_client_key_share_extension_test
30/166 Test: s2n_client_key_share_extension_test
Command: ""
Directory: /home/ubuntu/data/workplace/s2n/tests/unit
"s2n_client_key_share_extension_test" start time: 
Output:
----------------------------------------------------------
<end of output>
Test time =   0.00 sec
----------------------------------------------------------
Test Passed.
"s2n_client_key_share_extension_test" end time: Jul 11 08:41 UTC
"s2n_client_key_share_extension_test" time elapsed: 00:00:00
----------------------------------------------------------

Unable to find executable: /home/ubuntu/data/workplace/s2n/bin/s2n_client_max_frag_len_extension_test
31/166 Testing: s2n_client_max_frag_len_extension_test
31/166 Test: s2n_client_max_frag_len_extension_test
Command: ""
Directory: /home/ubuntu/data/workplace/s2n/tests/unit
"s2n_client_max_frag_len_extension_test" start time: 
Output:
----------------------------------------------------------
<end of output>
Test time =   0.00 sec
----------------------------------------------------------
Test Passed.
"s2n_client_max_frag_len_extension_test" end time: Jul 11 08:41 UTC
"s2n_client_max_frag_len_extension_test" time elapsed: 00:00:00
----------------------------------------------------------

Unable to find executable: /home/ubuntu/data/workplace/s2n/bin/s2n_client_pq_kem_extension_test
32/166 Testing: s2n_client_pq_kem_extension_test
32/166 Test: s2n_client_pq_kem_extension_test
Command: ""
Directory: /home/ubuntu/data/workplace/s2n/tests/unit
"s2n_client_pq_kem_extension_test" start time: 
Output:
----------------------------------------------------------
<end of output>
Test time =   0.00 sec
----------------------------------------------------------
Test Passed.
"s2n_client_pq_kem_extension_test" end time: Jul 11 08:41 UTC
"s2n_client_pq_kem_extension_test" time elapsed: 00:00:00
----------------------------------------------------------

Unable to find executable: /home/ubuntu/data/workplace/s2n/bin/s2n_client_record_version_test
33/166 Testing: s2n_client_record_version_test
33/166 Test: s2n_client_record_version_test
Command: ""
Directory: /home/ubuntu/data/workplace/s2n/tests/unit
"s2n_client_record_version_test" start time: 
Output:
----------------------------------------------------------
<end of output>
Test time =   0.00 sec
----------------------------------------------------------
Test Passed.
"s2n_client_record_version_test" end time: Jul 11 08:41 UTC
"s2n_client_record_version_test" time elapsed: 00:00:00
----------------------------------------------------------

Unable to find executable: /home/ubuntu/data/workplace/s2n/bin/s2n_client_renegotiation_info_extension_test
34/166 Testing: s2n_client_renegotiation_info_extension_test
34/166 Test: s2n_client_renegotiation_info_extension_test
Command: ""
Directory: /home/ubuntu/data/workplace/s2n/tests/unit
"s2n_client_renegotiation_info_extension_test" start time: 
Output:
----------------------------------------------------------
<end of output>
Test time =   0.00 sec
----------------------------------------------------------
Test Passed.
"s2n_client_renegotiation_info_extension_test" end time: Jul 11 08:41 UTC
"s2n_client_renegotiation_info_extension_test" time elapsed: 00:00:00
----------------------------------------------------------

Unable to find executable: /home/ubuntu/data/workplace/s2n/bin/s2n_client_sct_list_extension_test
35/166 Testing: s2n_client_sct_list_extension_test
35/166 Test: s2n_client_sct_list_extension_test
Command: ""
Directory: /home/ubuntu/data/workplace/s2n/tests/unit
"s2n_client_sct_list_extension_test" start time: 
Output:
----------------------------------------------------------
<end of output>
Test time =   0.00 sec
----------------------------------------------------------
Test Passed.
"s2n_client_sct_list_extension_test" end time: Jul 11 08:41 UTC
"s2n_client_sct_list_extension_test" time elapsed: 00:00:00
----------------------------------------------------------

Unable to find executable: /home/ubuntu/data/workplace/s2n/bin/s2n_client_secure_renegotiation_test
36/166 Testing: s2n_client_secure_renegotiation_test
36/166 Test: s2n_client_secure_renegotiation_test
Command: ""
Directory: /home/ubuntu/data/workplace/s2n/tests/unit
"s2n_client_secure_renegotiation_test" start time: 
Output:
----------------------------------------------------------
<end of output>
Test time =   0.00 sec
----------------------------------------------------------
Test Passed.
"s2n_client_secure_renegotiation_test" end time: Jul 11 08:41 UTC
"s2n_client_secure_renegotiation_test" time elapsed: 00:00:00
----------------------------------------------------------

Unable to find executable: /home/ubuntu/data/workplace/s2n/bin/s2n_client_server_name_extension_test
37/166 Testing: s2n_client_server_name_extension_test
37/166 Test: s2n_client_server_name_extension_test
Command: ""
Directory: /home/ubuntu/data/workplace/s2n/tests/unit
"s2n_client_server_name_extension_test" start time: 
Output:
----------------------------------------------------------
<end of output>
Test time =   0.00 sec
----------------------------------------------------------
Test Passed.
"s2n_client_server_name_extension_test" end time: Jul 11 08:41 UTC
"s2n_client_server_name_extension_test" time elapsed: 00:00:00
----------------------------------------------------------

Unable to find executable: /home/ubuntu/data/workplace/s2n/bin/s2n_client_session_ticket_extension_test
38/166 Testing: s2n_client_session_ticket_extension_test
38/166 Test: s2n_client_session_ticket_extension_test
Command: ""
Directory: /home/ubuntu/data/workplace/s2n/tests/unit
"s2n_client_session_ticket_extension_test" start time: 
Output:
----------------------------------------------------------
<end of output>
Test time =   0.00 sec
----------------------------------------------------------
Test Passed.
"s2n_client_session_ticket_extension_test" end time: Jul 11 08:41 UTC
"s2n_client_session_ticket_extension_test" time elapsed: 00:00:00
----------------------------------------------------------

Unable to find executable: /home/ubuntu/data/workplace/s2n/bin/s2n_client_signature_algorithms_extension_test
39/166 Testing: s2n_client_signature_algorithms_extension_test
39/166 Test: s2n_client_signature_algorithms_extension_test
Command: ""
Directory: /home/ubuntu/data/workplace/s2n/tests/unit
"s2n_client_signature_algorithms_extension_test" start time: 
Output:
----------------------------------------------------------
<end of output>
Test time =   0.00 sec
----------------------------------------------------------
Test Passed.
"s2n_client_signature_algorithms_extension_test" end time: Jul 11 08:41 UTC
"s2n_client_signature_algorithms_extension_test" time elapsed: 00:00:00
----------------------------------------------------------

Unable to find executable: /home/ubuntu/data/workplace/s2n/bin/s2n_client_status_request_extension_test
40/166 Testing: s2n_client_status_request_extension_test
40/166 Test: s2n_client_status_request_extension_test
Command: ""
Directory: /home/ubuntu/data/workplace/s2n/tests/unit
"s2n_client_status_request_extension_test" start time: 
Output:
----------------------------------------------------------
<end of output>
Test time =   0.00 sec
----------------------------------------------------------
Test Passed.
"s2n_client_status_request_extension_test" end time: Jul 11 08:41 UTC
"s2n_client_status_request_extension_test" time elapsed: 00:00:00
----------------------------------------------------------

Unable to find executable: /home/ubuntu/data/workplace/s2n/bin/s2n_client_supported_groups_extension_test
41/166 Testing: s2n_client_supported_groups_extension_test
41/166 Test: s2n_client_supported_groups_extension_test
Command: ""
Directory: /home/ubuntu/data/workplace/s2n/tests/unit
"s2n_client_supported_groups_extension_test" start time: 
Output:
----------------------------------------------------------
<end of output>
Test time =   0.00 sec
----------------------------------------------------------
Test Passed.
"s2n_client_supported_groups_extension_test" end time: Jul 11 08:41 UTC
"s2n_client_supported_groups_extension_test" time elapsed: 00:00:00
----------------------------------------------------------

Unable to find executable: /home/ubuntu/data/workplace/s2n/bin/s2n_client_supported_versions_extension_test
42/166 Testing: s2n_client_supported_versions_extension_test
42/166 Test: s2n_client_supported_versions_extension_test
Command: ""
Directory: /home/ubuntu/data/workplace/s2n/tests/unit
"s2n_client_supported_versions_extension_test" start time: 
Output:
----------------------------------------------------------
<end of output>
Test time =   0.00 sec
----------------------------------------------------------
Test Passed.
"s2n_client_supported_versions_extension_test" end time: Jul 11 08:41 UTC
"s2n_client_supported_versions_extension_test" time elapsed: 00:00:00
----------------------------------------------------------

Unable to find executable: /home/ubuntu/data/workplace/s2n/bin/s2n_config_test
43/166 Testing: s2n_config_test
43/166 Test: s2n_config_test
Command: ""
Directory: /home/ubuntu/data/workplace/s2n/tests/unit
"s2n_config_test" start time: 
Output:
----------------------------------------------------------
<end of output>
Test time =   0.00 sec
----------------------------------------------------------
Test Passed.
"s2n_config_test" end time: Jul 11 08:41 UTC
"s2n_config_test" time elapsed: 00:00:00
----------------------------------------------------------

Unable to find executable: /home/ubuntu/data/workplace/s2n/bin/s2n_connection_context_test
44/166 Testing: s2n_connection_context_test
44/166 Test: s2n_connection_context_test
Command: ""
Directory: /home/ubuntu/data/workplace/s2n/tests/unit
"s2n_connection_context_test" start time: 
Output:
----------------------------------------------------------
<end of output>
Test time =   0.00 sec
----------------------------------------------------------
Test Passed.
"s2n_connection_context_test" end time: Jul 11 08:41 UTC
"s2n_connection_context_test" time elapsed: 00:00:00
----------------------------------------------------------

Unable to find executable: /home/ubuntu/data/workplace/s2n/bin/s2n_connection_preferences_test
45/166 Testing: s2n_connection_preferences_test
45/166 Test: s2n_connection_preferences_test
Command: ""
Directory: /home/ubuntu/data/workplace/s2n/tests/unit
"s2n_connection_preferences_test" start time: 
Output:
----------------------------------------------------------
<end of output>
Test time =   0.00 sec
----------------------------------------------------------
Test Passed.
"s2n_connection_preferences_test" end time: Jul 11 08:41 UTC
"s2n_connection_preferences_test" time elapsed: 00:00:00
----------------------------------------------------------

Unable to find executable: /home/ubuntu/data/workplace/s2n/bin/s2n_connection_preferred_keyshare_test
46/166 Testing: s2n_connection_preferred_keyshare_test
46/166 Test: s2n_connection_preferred_keyshare_test
Command: ""
Directory: /home/ubuntu/data/workplace/s2n/tests/unit
"s2n_connection_preferred_keyshare_test" start time: 
Output:
----------------------------------------------------------
<end of output>
Test time =   0.00 sec
----------------------------------------------------------
Test Passed.
"s2n_connection_preferred_keyshare_test" end time: Jul 11 08:41 UTC
"s2n_connection_preferred_keyshare_test" time elapsed: 00:00:00
----------------------------------------------------------

Unable to find executable: /home/ubuntu/data/workplace/s2n/bin/s2n_connection_test
47/166 Testing: s2n_connection_test
47/166 Test: s2n_connection_test
Command: ""
Directory: /home/ubuntu/data/workplace/s2n/tests/unit
"s2n_connection_test" start time: 
Output:
----------------------------------------------------------
<end of output>
Test time =   0.00 sec
----------------------------------------------------------
Test Passed.
"s2n_connection_test" end time: Jul 11 08:41 UTC
"s2n_connection_test" time elapsed: 00:00:00
----------------------------------------------------------

Unable to find executable: /home/ubuntu/data/workplace/s2n/bin/s2n_drain_alert_test
48/166 Testing: s2n_drain_alert_test
48/166 Test: s2n_drain_alert_test
Command: ""
Directory: /home/ubuntu/data/workplace/s2n/tests/unit
"s2n_drain_alert_test" start time: 
Output:
----------------------------------------------------------
<end of output>
Test time =   0.00 sec
----------------------------------------------------------
Test Passed.
"s2n_drain_alert_test" end time: Jul 11 08:41 UTC
"s2n_drain_alert_test" time elapsed: 00:00:00
----------------------------------------------------------

Unable to find executable: /home/ubuntu/data/workplace/s2n/bin/s2n_drbg_test
49/166 Testing: s2n_drbg_test
49/166 Test: s2n_drbg_test
Command: ""
Directory: /home/ubuntu/data/workplace/s2n/tests/unit
"s2n_drbg_test" start time: 
Output:
----------------------------------------------------------
<end of output>
Test time =   0.00 sec
----------------------------------------------------------
Test Passed.
"s2n_drbg_test" end time: Jul 11 08:41 UTC
"s2n_drbg_test" time elapsed: 00:00:00
----------------------------------------------------------

Unable to find executable: /home/ubuntu/data/workplace/s2n/bin/s2n_ecc_evp_test
50/166 Testing: s2n_ecc_evp_test
50/166 Test: s2n_ecc_evp_test
Command: ""
Directory: /home/ubuntu/data/workplace/s2n/tests/unit
"s2n_ecc_evp_test" start time: 
Output:
----------------------------------------------------------
<end of output>
Test time =   0.00 sec
----------------------------------------------------------
Test Passed.
"s2n_ecc_evp_test" end time: Jul 11 08:41 UTC
"s2n_ecc_evp_test" time elapsed: 00:00:00
----------------------------------------------------------

Unable to find executable: /home/ubuntu/data/workplace/s2n/bin/s2n_ecc_point_format_extension_test
51/166 Testing: s2n_ecc_point_format_extension_test
51/166 Test: s2n_ecc_point_format_extension_test
Command: ""
Directory: /home/ubuntu/data/workplace/s2n/tests/unit
"s2n_ecc_point_format_extension_test" start time: 
Output:
----------------------------------------------------------
<end of output>
Test time =   0.00 sec
----------------------------------------------------------
Test Passed.
"s2n_ecc_point_format_extension_test" end time: Jul 11 08:41 UTC
"s2n_ecc_point_format_extension_test" time elapsed: 00:00:00
----------------------------------------------------------

Unable to find executable: /home/ubuntu/data/workplace/s2n/bin/s2n_ecdsa_test
52/166 Testing: s2n_ecdsa_test
52/166 Test: s2n_ecdsa_test
Command: ""
Directory: /home/ubuntu/data/workplace/s2n/tests/unit
"s2n_ecdsa_test" start time: 
Output:
----------------------------------------------------------
<end of output>
Test time =   0.00 sec
----------------------------------------------------------
Test Passed.
"s2n_ecdsa_test" end time: Jul 11 08:41 UTC
"s2n_ecdsa_test" time elapsed: 00:00:00
----------------------------------------------------------

Unable to find executable: /home/ubuntu/data/workplace/s2n/bin/s2n_encrypted_extensions_test
53/166 Testing: s2n_encrypted_extensions_test
53/166 Test: s2n_encrypted_extensions_test
Command: ""
Directory: /home/ubuntu/data/workplace/s2n/tests/unit
"s2n_encrypted_extensions_test" start time: 
Output:
----------------------------------------------------------
<end of output>
Test time =   0.00 sec
----------------------------------------------------------
Test Passed.
"s2n_encrypted_extensions_test" end time: Jul 11 08:41 UTC
"s2n_encrypted_extensions_test" time elapsed: 00:00:00
----------------------------------------------------------

Unable to find executable: /home/ubuntu/data/workplace/s2n/bin/s2n_error_lookup_test
54/166 Testing: s2n_error_lookup_test
54/166 Test: s2n_error_lookup_test
Command: ""
Directory: /home/ubuntu/data/workplace/s2n/tests/unit
"s2n_error_lookup_test" start time: 
Output:
----------------------------------------------------------
<end of output>
Test time =   0.00 sec
----------------------------------------------------------
Test Passed.
"s2n_error_lookup_test" end time: Jul 11 08:41 UTC
"s2n_error_lookup_test" time elapsed: 00:00:00
----------------------------------------------------------

Unable to find executable: /home/ubuntu/data/workplace/s2n/bin/s2n_error_type_test
55/166 Testing: s2n_error_type_test
55/166 Test: s2n_error_type_test
Command: ""
Directory: /home/ubuntu/data/workplace/s2n/tests/unit
"s2n_error_type_test" start time: 
Output:
----------------------------------------------------------
<end of output>
Test time =   0.00 sec
----------------------------------------------------------
Test Passed.
"s2n_error_type_test" end time: Jul 11 08:41 UTC
"s2n_error_type_test" time elapsed: 00:00:00
----------------------------------------------------------

Unable to find executable: /home/ubuntu/data/workplace/s2n/bin/s2n_extension_list_parse_test
56/166 Testing: s2n_extension_list_parse_test
56/166 Test: s2n_extension_list_parse_test
Command: ""
Directory: /home/ubuntu/data/workplace/s2n/tests/unit
"s2n_extension_list_parse_test" start time: 
Output:
----------------------------------------------------------
<end of output>
Test time =   0.00 sec
----------------------------------------------------------
Test Passed.
"s2n_extension_list_parse_test" end time: Jul 11 08:41 UTC
"s2n_extension_list_parse_test" time elapsed: 00:00:00
----------------------------------------------------------

Unable to find executable: /home/ubuntu/data/workplace/s2n/bin/s2n_extension_list_process_test
57/166 Testing: s2n_extension_list_process_test
57/166 Test: s2n_extension_list_process_test
Command: ""
Directory: /home/ubuntu/data/workplace/s2n/tests/unit
"s2n_extension_list_process_test" start time: 
Output:
----------------------------------------------------------
<end of output>
Test time =   0.00 sec
----------------------------------------------------------
Test Passed.
"s2n_extension_list_process_test" end time: Jul 11 08:41 UTC
"s2n_extension_list_process_test" time elapsed: 00:00:00
----------------------------------------------------------

Unable to find executable: /home/ubuntu/data/workplace/s2n/bin/s2n_extension_list_send_test
58/166 Testing: s2n_extension_list_send_test
58/166 Test: s2n_extension_list_send_test
Command: ""
Directory: /home/ubuntu/data/workplace/s2n/tests/unit
"s2n_extension_list_send_test" start time: 
Output:
----------------------------------------------------------
<end of output>
Test time =   0.00 sec
----------------------------------------------------------
Test Passed.
"s2n_extension_list_send_test" end time: Jul 11 08:41 UTC
"s2n_extension_list_send_test" time elapsed: 00:00:00
----------------------------------------------------------

Unable to find executable: /home/ubuntu/data/workplace/s2n/bin/s2n_extension_type_lists_test
59/166 Testing: s2n_extension_type_lists_test
59/166 Test: s2n_extension_type_lists_test
Command: ""
Directory: /home/ubuntu/data/workplace/s2n/tests/unit
"s2n_extension_type_lists_test" start time: 
Output:
----------------------------------------------------------
<end of output>
Test time =   0.00 sec
----------------------------------------------------------
Test Passed.
"s2n_extension_type_lists_test" end time: Jul 11 08:41 UTC
"s2n_extension_type_lists_test" time elapsed: 00:00:00
----------------------------------------------------------

Unable to find executable: /home/ubuntu/data/workplace/s2n/bin/s2n_extension_type_test
60/166 Testing: s2n_extension_type_test
60/166 Test: s2n_extension_type_test
Command: ""
Directory: /home/ubuntu/data/workplace/s2n/tests/unit
"s2n_extension_type_test" start time: 
Output:
----------------------------------------------------------
<end of output>
Test time =   0.00 sec
----------------------------------------------------------
Test Passed.
"s2n_extension_type_test" end time: Jul 11 08:41 UTC
"s2n_extension_type_test" time elapsed: 00:00:00
----------------------------------------------------------

Unable to find executable: /home/ubuntu/data/workplace/s2n/bin/s2n_extensions_server_key_share_select_test
61/166 Testing: s2n_extensions_server_key_share_select_test
61/166 Test: s2n_extensions_server_key_share_select_test
Command: ""
Directory: /home/ubuntu/data/workplace/s2n/tests/unit
"s2n_extensions_server_key_share_select_test" start time: 
Output:
----------------------------------------------------------
<end of output>
Test time =   0.00 sec
----------------------------------------------------------
Test Passed.
"s2n_extensions_server_key_share_select_test" end time: Jul 11 08:41 UTC
"s2n_extensions_server_key_share_select_test" time elapsed: 00:00:00
----------------------------------------------------------

Unable to find executable: /home/ubuntu/data/workplace/s2n/bin/s2n_fragmentation_coalescing_test
62/166 Testing: s2n_fragmentation_coalescing_test
62/166 Test: s2n_fragmentation_coalescing_test
Command: ""
Directory: /home/ubuntu/data/workplace/s2n/tests/unit
"s2n_fragmentation_coalescing_test" start time: 
Output:
----------------------------------------------------------
<end of output>
Test time =   0.00 sec
----------------------------------------------------------
Test Passed.
"s2n_fragmentation_coalescing_test" end time: Jul 11 08:41 UTC
"s2n_fragmentation_coalescing_test" time elapsed: 00:00:00
----------------------------------------------------------

Unable to find executable: /home/ubuntu/data/workplace/s2n/bin/s2n_handshake_errno_test
63/166 Testing: s2n_handshake_errno_test
63/166 Test: s2n_handshake_errno_test
Command: ""
Directory: /home/ubuntu/data/workplace/s2n/tests/unit
"s2n_handshake_errno_test" start time: 
Output:
----------------------------------------------------------
<end of output>
Test time =   0.00 sec
----------------------------------------------------------
Test Passed.
"s2n_handshake_errno_test" end time: Jul 11 08:41 UTC
"s2n_handshake_errno_test" time elapsed: 00:00:00
----------------------------------------------------------

Unable to find executable: /home/ubuntu/data/workplace/s2n/bin/s2n_handshake_test
64/166 Testing: s2n_handshake_test
64/166 Test: s2n_handshake_test
Command: ""
Directory: /home/ubuntu/data/workplace/s2n/tests/unit
"s2n_handshake_test" start time: 
Output:
----------------------------------------------------------
<end of output>
Test time =   0.00 sec
----------------------------------------------------------
Test Passed.
"s2n_handshake_test" end time: Jul 11 08:41 UTC
"s2n_handshake_test" time elapsed: 00:00:00
----------------------------------------------------------

Unable to find executable: /home/ubuntu/data/workplace/s2n/bin/s2n_hash_test
65/166 Testing: s2n_hash_test
65/166 Test: s2n_hash_test
Command: ""
Directory: /home/ubuntu/data/workplace/s2n/tests/unit
"s2n_hash_test" start time: 
Output:
----------------------------------------------------------
<end of output>
Test time =   0.00 sec
----------------------------------------------------------
Test Passed.
"s2n_hash_test" end time: Jul 11 08:41 UTC
"s2n_hash_test" time elapsed: 00:00:00
----------------------------------------------------------

Unable to find executable: /home/ubuntu/data/workplace/s2n/bin/s2n_hkdf_test
66/166 Testing: s2n_hkdf_test
66/166 Test: s2n_hkdf_test
Command: ""
Directory: /home/ubuntu/data/workplace/s2n/tests/unit
"s2n_hkdf_test" start time: 
Output:
----------------------------------------------------------
<end of output>
Test time =   0.00 sec
----------------------------------------------------------
Test Passed.
"s2n_hkdf_test" end time: Jul 11 08:41 UTC
"s2n_hkdf_test" time elapsed: 00:00:00
----------------------------------------------------------

Unable to find executable: /home/ubuntu/data/workplace/s2n/bin/s2n_hmac_test
67/166 Testing: s2n_hmac_test
67/166 Test: s2n_hmac_test
Command: ""
Directory: /home/ubuntu/data/workplace/s2n/tests/unit
"s2n_hmac_test" start time: 
Output:
----------------------------------------------------------
<end of output>
Test time =   0.00 sec
----------------------------------------------------------
Test Passed.
"s2n_hmac_test" end time: Jul 11 08:41 UTC
"s2n_hmac_test" time elapsed: 00:00:00
----------------------------------------------------------

Unable to find executable: /home/ubuntu/data/workplace/s2n/bin/s2n_hybrid_ecdhe_bike_r1_test
68/166 Testing: s2n_hybrid_ecdhe_bike_r1_test
68/166 Test: s2n_hybrid_ecdhe_bike_r1_test
Command: ""
Directory: /home/ubuntu/data/workplace/s2n/tests/unit
"s2n_hybrid_ecdhe_bike_r1_test" start time: 
Output:
----------------------------------------------------------
<end of output>
Test time =   0.00 sec
----------------------------------------------------------
Test Passed.
"s2n_hybrid_ecdhe_bike_r1_test" end time: Jul 11 08:41 UTC
"s2n_hybrid_ecdhe_bike_r1_test" time elapsed: 00:00:00
----------------------------------------------------------

Unable to find executable: /home/ubuntu/data/workplace/s2n/bin/s2n_hybrid_ecdhe_bike_r2_test
69/166 Testing: s2n_hybrid_ecdhe_bike_r2_test
69/166 Test: s2n_hybrid_ecdhe_bike_r2_test
Command: ""
Directory: /home/ubuntu/data/workplace/s2n/tests/unit
"s2n_hybrid_ecdhe_bike_r2_test" start time: 
Output:
----------------------------------------------------------
<end of output>
Test time =   0.00 sec
----------------------------------------------------------
Test Passed.
"s2n_hybrid_ecdhe_bike_r2_test" end time: Jul 11 08:41 UTC
"s2n_hybrid_ecdhe_bike_r2_test" time elapsed: 00:00:00
----------------------------------------------------------

Unable to find executable: /home/ubuntu/data/workplace/s2n/bin/s2n_hybrid_ecdhe_sike_r1_test
70/166 Testing: s2n_hybrid_ecdhe_sike_r1_test
70/166 Test: s2n_hybrid_ecdhe_sike_r1_test
Command: ""
Directory: /home/ubuntu/data/workplace/s2n/tests/unit
"s2n_hybrid_ecdhe_sike_r1_test" start time: 
Output:
----------------------------------------------------------
<end of output>
Test time =   0.00 sec
----------------------------------------------------------
Test Passed.
"s2n_hybrid_ecdhe_sike_r1_test" end time: Jul 11 08:41 UTC
"s2n_hybrid_ecdhe_sike_r1_test" time elapsed: 00:00:00
----------------------------------------------------------

Unable to find executable: /home/ubuntu/data/workplace/s2n/bin/s2n_hybrid_ecdhe_sike_r2_test
71/166 Testing: s2n_hybrid_ecdhe_sike_r2_test
71/166 Test: s2n_hybrid_ecdhe_sike_r2_test
Command: ""
Directory: /home/ubuntu/data/workplace/s2n/tests/unit
"s2n_hybrid_ecdhe_sike_r2_test" start time: 
Output:
----------------------------------------------------------
<end of output>
Test time =   0.00 sec
----------------------------------------------------------
Test Passed.
"s2n_hybrid_ecdhe_sike_r2_test" end time: Jul 11 08:41 UTC
"s2n_hybrid_ecdhe_sike_r2_test" time elapsed: 00:00:00
----------------------------------------------------------

Unable to find executable: /home/ubuntu/data/workplace/s2n/bin/s2n_kem_test
72/166 Testing: s2n_kem_test
72/166 Test: s2n_kem_test
Command: ""
Directory: /home/ubuntu/data/workplace/s2n/tests/unit
"s2n_kem_test" start time: 
Output:
----------------------------------------------------------
<end of output>
Test time =   0.00 sec
----------------------------------------------------------
Test Passed.
"s2n_kem_test" end time: Jul 11 08:41 UTC
"s2n_kem_test" time elapsed: 00:00:00
----------------------------------------------------------

Unable to find executable: /home/ubuntu/data/workplace/s2n/bin/s2n_kex_test
73/166 Testing: s2n_kex_test
73/166 Test: s2n_kex_test
Command: ""
Directory: /home/ubuntu/data/workplace/s2n/tests/unit
"s2n_kex_test" start time: 
Output:
----------------------------------------------------------
<end of output>
Test time =   0.00 sec
----------------------------------------------------------
Test Passed.
"s2n_kex_test" end time: Jul 11 08:41 UTC
"s2n_kex_test" time elapsed: 00:00:00
----------------------------------------------------------

Unable to find executable: /home/ubuntu/data/workplace/s2n/bin/s2n_kex_with_kem_test
74/166 Testing: s2n_kex_with_kem_test
74/166 Test: s2n_kex_with_kem_test
Command: ""
Directory: /home/ubuntu/data/workplace/s2n/tests/unit
"s2n_kex_with_kem_test" start time: 
Output:
----------------------------------------------------------
<end of output>
Test time =   0.00 sec
----------------------------------------------------------
Test Passed.
"s2n_kex_with_kem_test" end time: Jul 11 08:41 UTC
"s2n_kex_with_kem_test" time elapsed: 00:00:00
----------------------------------------------------------

Unable to find executable: /home/ubuntu/data/workplace/s2n/bin/s2n_key_share_extension_test
75/166 Testing: s2n_key_share_extension_test
75/166 Test: s2n_key_share_extension_test
Command: ""
Directory: /home/ubuntu/data/workplace/s2n/tests/unit
"s2n_key_share_extension_test" start time: 
Output:
----------------------------------------------------------
<end of output>
Test time =   0.00 sec
----------------------------------------------------------
Test Passed.
"s2n_key_share_extension_test" end time: Jul 11 08:41 UTC
"s2n_key_share_extension_test" time elapsed: 00:00:00
----------------------------------------------------------

Unable to find executable: /home/ubuntu/data/workplace/s2n/bin/s2n_key_update_test
76/166 Testing: s2n_key_update_test
76/166 Test: s2n_key_update_test
Command: ""
Directory: /home/ubuntu/data/workplace/s2n/tests/unit
"s2n_key_update_test" start time: 
Output:
----------------------------------------------------------
<end of output>
Test time =   0.00 sec
----------------------------------------------------------
Test Passed.
"s2n_key_update_test" end time: Jul 11 08:41 UTC
"s2n_key_update_test" time elapsed: 00:00:00
----------------------------------------------------------

Unable to find executable: /home/ubuntu/data/workplace/s2n/bin/s2n_kyber_r2_kat_test
77/166 Testing: s2n_kyber_r2_kat_test
77/166 Test: s2n_kyber_r2_kat_test
Command: ""
Directory: /home/ubuntu/data/workplace/s2n/tests/unit
"s2n_kyber_r2_kat_test" start time: 
Output:
----------------------------------------------------------
<end of output>
Test time =   0.00 sec
----------------------------------------------------------
Test Passed.
"s2n_kyber_r2_kat_test" end time: Jul 11 08:41 UTC
"s2n_kyber_r2_kat_test" time elapsed: 00:00:00
----------------------------------------------------------

Unable to find executable: /home/ubuntu/data/workplace/s2n/bin/s2n_malformed_handshake_test
78/166 Testing: s2n_malformed_handshake_test
78/166 Test: s2n_malformed_handshake_test
Command: ""
Directory: /home/ubuntu/data/workplace/s2n/tests/unit
"s2n_malformed_handshake_test" start time: 
Output:
----------------------------------------------------------
<end of output>
Test time =   0.00 sec
----------------------------------------------------------
Test Passed.
"s2n_malformed_handshake_test" end time: Jul 11 08:41 UTC
"s2n_malformed_handshake_test" time elapsed: 00:00:00
----------------------------------------------------------

Unable to find executable: /home/ubuntu/data/workplace/s2n/bin/s2n_map_test
79/166 Testing: s2n_map_test
79/166 Test: s2n_map_test
Command: ""
Directory: /home/ubuntu/data/workplace/s2n/tests/unit
"s2n_map_test" start time: 
Output:
----------------------------------------------------------
<end of output>
Test time =   0.00 sec
----------------------------------------------------------
Test Passed.
"s2n_map_test" end time: Jul 11 08:41 UTC
"s2n_map_test" time elapsed: 00:00:00
----------------------------------------------------------

Unable to find executable: /home/ubuntu/data/workplace/s2n/bin/s2n_mem_allocator_test
80/166 Testing: s2n_mem_allocator_test
80/166 Test: s2n_mem_allocator_test
Command: ""
Directory: /home/ubuntu/data/workplace/s2n/tests/unit
"s2n_mem_allocator_test" start time: 
Output:
----------------------------------------------------------
<end of output>
Test time =   0.00 sec
----------------------------------------------------------
Test Passed.
"s2n_mem_allocator_test" end time: Jul 11 08:41 UTC
"s2n_mem_allocator_test" time elapsed: 00:00:00
----------------------------------------------------------

Unable to find executable: /home/ubuntu/data/workplace/s2n/bin/s2n_mem_usage_test
81/166 Testing: s2n_mem_usage_test
81/166 Test: s2n_mem_usage_test
Command: ""
Directory: /home/ubuntu/data/workplace/s2n/tests/unit
"s2n_mem_usage_test" start time: 
Output:
----------------------------------------------------------
<end of output>
Test time =   0.00 sec
----------------------------------------------------------
Test Passed.
"s2n_mem_usage_test" end time: Jul 11 08:41 UTC
"s2n_mem_usage_test" time elapsed: 00:00:00
----------------------------------------------------------

Unable to find executable: /home/ubuntu/data/workplace/s2n/bin/s2n_mutual_auth_test
82/166 Testing: s2n_mutual_auth_test
82/166 Test: s2n_mutual_auth_test
Command: ""
Directory: /home/ubuntu/data/workplace/s2n/tests/unit
"s2n_mutual_auth_test" start time: 
Output:
----------------------------------------------------------
<end of output>
Test time =   0.00 sec
----------------------------------------------------------
Test Passed.
"s2n_mutual_auth_test" end time: Jul 11 08:41 UTC
"s2n_mutual_auth_test" time elapsed: 00:00:00
----------------------------------------------------------

Unable to find executable: /home/ubuntu/data/workplace/s2n/bin/s2n_optional_client_auth_test
83/166 Testing: s2n_optional_client_auth_test
83/166 Test: s2n_optional_client_auth_test
Command: ""
Directory: /home/ubuntu/data/workplace/s2n/tests/unit
"s2n_optional_client_auth_test" start time: 
Output:
----------------------------------------------------------
<end of output>
Test time =   0.00 sec
----------------------------------------------------------
Test Passed.
"s2n_optional_client_auth_test" end time: Jul 11 08:41 UTC
"s2n_optional_client_auth_test" time elapsed: 00:00:00
----------------------------------------------------------

Unable to find executable: /home/ubuntu/data/workplace/s2n/bin/s2n_override_openssl_random_test
84/166 Testing: s2n_override_openssl_random_test
84/166 Test: s2n_override_openssl_random_test
Command: ""
Directory: /home/ubuntu/data/workplace/s2n/tests/unit
"s2n_override_openssl_random_test" start time: 
Output:
----------------------------------------------------------
<end of output>
Test time =   0.00 sec
----------------------------------------------------------
Test Passed.
"s2n_override_openssl_random_test" end time: Jul 11 08:41 UTC
"s2n_override_openssl_random_test" time elapsed: 00:00:00
----------------------------------------------------------

Unable to find executable: /home/ubuntu/data/workplace/s2n/bin/s2n_parse_client_supported_groups_list_test
85/166 Testing: s2n_parse_client_supported_groups_list_test
85/166 Test: s2n_parse_client_supported_groups_list_test
Command: ""
Directory: /home/ubuntu/data/workplace/s2n/tests/unit
"s2n_parse_client_supported_groups_list_test" start time: 
Output:
----------------------------------------------------------
<end of output>
Test time =   0.00 sec
----------------------------------------------------------
Test Passed.
"s2n_parse_client_supported_groups_list_test" end time: Jul 11 08:41 UTC
"s2n_parse_client_supported_groups_list_test" time elapsed: 00:00:00
----------------------------------------------------------

Unable to find executable: /home/ubuntu/data/workplace/s2n/bin/s2n_pem_rsa_dhe_test
86/166 Testing: s2n_pem_rsa_dhe_test
86/166 Test: s2n_pem_rsa_dhe_test
Command: ""
Directory: /home/ubuntu/data/workplace/s2n/tests/unit
"s2n_pem_rsa_dhe_test" start time: 
Output:
----------------------------------------------------------
<end of output>
Test time =   0.00 sec
----------------------------------------------------------
Test Passed.
"s2n_pem_rsa_dhe_test" end time: Jul 11 08:41 UTC
"s2n_pem_rsa_dhe_test" time elapsed: 00:00:00
----------------------------------------------------------

Unable to find executable: /home/ubuntu/data/workplace/s2n/bin/s2n_pem_test
87/166 Testing: s2n_pem_test
87/166 Test: s2n_pem_test
Command: ""
Directory: /home/ubuntu/data/workplace/s2n/tests/unit
"s2n_pem_test" start time: 
Output:
----------------------------------------------------------
<end of output>
Test time =   0.00 sec
----------------------------------------------------------
Test Passed.
"s2n_pem_test" end time: Jul 11 08:41 UTC
"s2n_pem_test" time elapsed: 00:00:00
----------------------------------------------------------

Unable to find executable: /home/ubuntu/data/workplace/s2n/bin/s2n_pkey_test
88/166 Testing: s2n_pkey_test
88/166 Test: s2n_pkey_test
Command: ""
Directory: /home/ubuntu/data/workplace/s2n/tests/unit
"s2n_pkey_test" start time: 
Output:
----------------------------------------------------------
<end of output>
Test time =   0.00 sec
----------------------------------------------------------
Test Passed.
"s2n_pkey_test" end time: Jul 11 08:41 UTC
"s2n_pkey_test" time elapsed: 00:00:00
----------------------------------------------------------

Unable to find executable: /home/ubuntu/data/workplace/s2n/bin/s2n_post_handshake_test
89/166 Testing: s2n_post_handshake_test
89/166 Test: s2n_post_handshake_test
Command: ""
Directory: /home/ubuntu/data/workplace/s2n/tests/unit
"s2n_post_handshake_test" start time: 
Output:
----------------------------------------------------------
<end of output>
Test time =   0.00 sec
----------------------------------------------------------
Test Passed.
"s2n_post_handshake_test" end time: Jul 11 08:41 UTC
"s2n_post_handshake_test" time elapsed: 00:00:00
----------------------------------------------------------

Unable to find executable: /home/ubuntu/data/workplace/s2n/bin/s2n_pq_asm_noop_test
90/166 Testing: s2n_pq_asm_noop_test
90/166 Test: s2n_pq_asm_noop_test
Command: ""
Directory: /home/ubuntu/data/workplace/s2n/tests/unit
"s2n_pq_asm_noop_test" start time: 
Output:
----------------------------------------------------------
<end of output>
Test time =   0.00 sec
----------------------------------------------------------
Test Passed.
"s2n_pq_asm_noop_test" end time: Jul 11 08:41 UTC
"s2n_pq_asm_noop_test" time elapsed: 00:00:00
----------------------------------------------------------

Unable to find executable: /home/ubuntu/data/workplace/s2n/bin/s2n_random_test
91/166 Testing: s2n_random_test
91/166 Test: s2n_random_test
Command: ""
Directory: /home/ubuntu/data/workplace/s2n/tests/unit
"s2n_random_test" start time: 
Output:
----------------------------------------------------------
<end of output>
Test time =   0.00 sec
----------------------------------------------------------
Test Passed.
"s2n_random_test" end time: Jul 11 08:41 UTC
"s2n_random_test" time elapsed: 00:00:00
----------------------------------------------------------

Unable to find executable: /home/ubuntu/data/workplace/s2n/bin/s2n_rc4_test
92/166 Testing: s2n_rc4_test
92/166 Test: s2n_rc4_test
Command: ""
Directory: /home/ubuntu/data/workplace/s2n/tests/unit
"s2n_rc4_test" start time: 
Output:
----------------------------------------------------------
<end of output>
Test time =   0.00 sec
----------------------------------------------------------
Test Passed.
"s2n_rc4_test" end time: Jul 11 08:41 UTC
"s2n_rc4_test" time elapsed: 00:00:00
----------------------------------------------------------

Unable to find executable: /home/ubuntu/data/workplace/s2n/bin/s2n_record_size_test
93/166 Testing: s2n_record_size_test
93/166 Test: s2n_record_size_test
Command: ""
Directory: /home/ubuntu/data/workplace/s2n/tests/unit
"s2n_record_size_test" start time: 
Output:
----------------------------------------------------------
<end of output>
Test time =   0.00 sec
----------------------------------------------------------
Test Passed.
"s2n_record_size_test" end time: Jul 11 08:41 UTC
"s2n_record_size_test" time elapsed: 00:00:00
----------------------------------------------------------

Unable to find executable: /home/ubuntu/data/workplace/s2n/bin/s2n_record_test
94/166 Testing: s2n_record_test
94/166 Test: s2n_record_test
Command: ""
Directory: /home/ubuntu/data/workplace/s2n/tests/unit
"s2n_record_test" start time: 
Output:
----------------------------------------------------------
<end of output>
Test time =   0.00 sec
----------------------------------------------------------
Test Passed.
"s2n_record_test" end time: Jul 11 08:41 UTC
"s2n_record_test" time elapsed: 00:00:00
----------------------------------------------------------

Unable to find executable: /home/ubuntu/data/workplace/s2n/bin/s2n_release_non_empty_buffers_test
95/166 Testing: s2n_release_non_empty_buffers_test
95/166 Test: s2n_release_non_empty_buffers_test
Command: ""
Directory: /home/ubuntu/data/workplace/s2n/tests/unit
"s2n_release_non_empty_buffers_test" start time: 
Output:
----------------------------------------------------------
<end of output>
Test time =   0.00 sec
----------------------------------------------------------
Test Passed.
"s2n_release_non_empty_buffers_test" end time: Jul 11 08:41 UTC
"s2n_release_non_empty_buffers_test" time elapsed: 00:00:00
----------------------------------------------------------

Unable to find executable: /home/ubuntu/data/workplace/s2n/bin/s2n_rfc5952_test
96/166 Testing: s2n_rfc5952_test
96/166 Test: s2n_rfc5952_test
Command: ""
Directory: /home/ubuntu/data/workplace/s2n/tests/unit
"s2n_rfc5952_test" start time: 
Output:
----------------------------------------------------------
<end of output>
Test time =   0.00 sec
----------------------------------------------------------
Test Passed.
"s2n_rfc5952_test" end time: Jul 11 08:41 UTC
"s2n_rfc5952_test" time elapsed: 00:00:00
----------------------------------------------------------

Unable to find executable: /home/ubuntu/data/workplace/s2n/bin/s2n_rsa_pss_rsae_test
97/166 Testing: s2n_rsa_pss_rsae_test
97/166 Test: s2n_rsa_pss_rsae_test
Command: ""
Directory: /home/ubuntu/data/workplace/s2n/tests/unit
"s2n_rsa_pss_rsae_test" start time: 
Output:
----------------------------------------------------------
<end of output>
Test time =   0.00 sec
----------------------------------------------------------
Test Passed.
"s2n_rsa_pss_rsae_test" end time: Jul 11 08:41 UTC
"s2n_rsa_pss_rsae_test" time elapsed: 00:00:00
----------------------------------------------------------

Unable to find executable: /home/ubuntu/data/workplace/s2n/bin/s2n_rsa_pss_test
98/166 Testing: s2n_rsa_pss_test
98/166 Test: s2n_rsa_pss_test
Command: ""
Directory: /home/ubuntu/data/workplace/s2n/tests/unit
"s2n_rsa_pss_test" start time: 
Output:
----------------------------------------------------------
<end of output>
Test time =   0.00 sec
----------------------------------------------------------
Test Passed.
"s2n_rsa_pss_test" end time: Jul 11 08:41 UTC
"s2n_rsa_pss_test" time elapsed: 00:00:00
----------------------------------------------------------

Unable to find executable: /home/ubuntu/data/workplace/s2n/bin/s2n_safety_test
99/166 Testing: s2n_safety_test
99/166 Test: s2n_safety_test
Command: ""
Directory: /home/ubuntu/data/workplace/s2n/tests/unit
"s2n_safety_test" start time: 
Output:
----------------------------------------------------------
<end of output>
Test time =   0.00 sec
----------------------------------------------------------
Test Passed.
"s2n_safety_test" end time: Jul 11 08:41 UTC
"s2n_safety_test" time elapsed: 00:00:00
----------------------------------------------------------

Unable to find executable: /home/ubuntu/data/workplace/s2n/bin/s2n_security_policies_test
100/166 Testing: s2n_security_policies_test
100/166 Test: s2n_security_policies_test
Command: ""
Directory: /home/ubuntu/data/workplace/s2n/tests/unit
"s2n_security_policies_test" start time: 
Output:
----------------------------------------------------------
<end of output>
Test time =   0.00 sec
----------------------------------------------------------
Test Passed.
"s2n_security_policies_test" end time: Jul 11 08:41 UTC
"s2n_security_policies_test" time elapsed: 00:00:00
----------------------------------------------------------

Unable to find executable: /home/ubuntu/data/workplace/s2n/bin/s2n_self_talk_alerts_test
101/166 Testing: s2n_self_talk_alerts_test
101/166 Test: s2n_self_talk_alerts_test
Command: ""
Directory: /home/ubuntu/data/workplace/s2n/tests/unit
"s2n_self_talk_alerts_test" start time: 
Output:
----------------------------------------------------------
<end of output>
Test time =   0.00 sec
----------------------------------------------------------
Test Passed.
"s2n_self_talk_alerts_test" end time: Jul 11 08:41 UTC
"s2n_self_talk_alerts_test" time elapsed: 00:00:00
----------------------------------------------------------

Unable to find executable: /home/ubuntu/data/workplace/s2n/bin/s2n_self_talk_alpn_test
102/166 Testing: s2n_self_talk_alpn_test
102/166 Test: s2n_self_talk_alpn_test
Command: ""
Directory: /home/ubuntu/data/workplace/s2n/tests/unit
"s2n_self_talk_alpn_test" start time: 
Output:
----------------------------------------------------------
<end of output>
Test time =   0.00 sec
----------------------------------------------------------
Test Passed.
"s2n_self_talk_alpn_test" end time: Jul 11 08:41 UTC
"s2n_self_talk_alpn_test" time elapsed: 00:00:00
----------------------------------------------------------

Unable to find executable: /home/ubuntu/data/workplace/s2n/bin/s2n_self_talk_broken_pipe_test
103/166 Testing: s2n_self_talk_broken_pipe_test
103/166 Test: s2n_self_talk_broken_pipe_test
Command: ""
Directory: /home/ubuntu/data/workplace/s2n/tests/unit
"s2n_self_talk_broken_pipe_test" start time: 
Output:
----------------------------------------------------------
<end of output>
Test time =   0.00 sec
----------------------------------------------------------
Test Passed.
"s2n_self_talk_broken_pipe_test" end time: Jul 11 08:41 UTC
"s2n_self_talk_broken_pipe_test" time elapsed: 00:00:00
----------------------------------------------------------

Unable to find executable: /home/ubuntu/data/workplace/s2n/bin/s2n_self_talk_client_hello_cb_test
104/166 Testing: s2n_self_talk_client_hello_cb_test
104/166 Test: s2n_self_talk_client_hello_cb_test
Command: ""
Directory: /home/ubuntu/data/workplace/s2n/tests/unit
"s2n_self_talk_client_hello_cb_test" start time: 
Output:
----------------------------------------------------------
<end of output>
Test time =   0.00 sec
----------------------------------------------------------
Test Passed.
"s2n_self_talk_client_hello_cb_test" end time: Jul 11 08:41 UTC
"s2n_self_talk_client_hello_cb_test" time elapsed: 00:00:00
----------------------------------------------------------

Unable to find executable: /home/ubuntu/data/workplace/s2n/bin/s2n_self_talk_custom_io_test
105/166 Testing: s2n_self_talk_custom_io_test
105/166 Test: s2n_self_talk_custom_io_test
Command: ""
Directory: /home/ubuntu/data/workplace/s2n/tests/unit
"s2n_self_talk_custom_io_test" start time: 
Output:
----------------------------------------------------------
<end of output>
Test time =   0.00 sec
----------------------------------------------------------
Test Passed.
"s2n_self_talk_custom_io_test" end time: Jul 11 08:41 UTC
"s2n_self_talk_custom_io_test" time elapsed: 00:00:00
----------------------------------------------------------

Unable to find executable: /home/ubuntu/data/workplace/s2n/bin/s2n_self_talk_min_protocol_version_test
106/166 Testing: s2n_self_talk_min_protocol_version_test
106/166 Test: s2n_self_talk_min_protocol_version_test
Command: ""
Directory: /home/ubuntu/data/workplace/s2n/tests/unit
"s2n_self_talk_min_protocol_version_test" start time: 
Output:
----------------------------------------------------------
<end of output>
Test time =   0.00 sec
----------------------------------------------------------
Test Passed.
"s2n_self_talk_min_protocol_version_test" end time: Jul 11 08:41 UTC
"s2n_self_talk_min_protocol_version_test" time elapsed: 00:00:00
----------------------------------------------------------

Unable to find executable: /home/ubuntu/data/workplace/s2n/bin/s2n_self_talk_nonblocking_test
107/166 Testing: s2n_self_talk_nonblocking_test
107/166 Test: s2n_self_talk_nonblocking_test
Command: ""
Directory: /home/ubuntu/data/workplace/s2n/tests/unit
"s2n_self_talk_nonblocking_test" start time: 
Output:
----------------------------------------------------------
<end of output>
Test time =   0.00 sec
----------------------------------------------------------
Test Passed.
"s2n_self_talk_nonblocking_test" end time: Jul 11 08:41 UTC
"s2n_self_talk_nonblocking_test" time elapsed: 00:00:00
----------------------------------------------------------

Unable to find executable: /home/ubuntu/data/workplace/s2n/bin/s2n_self_talk_session_id_test
108/166 Testing: s2n_self_talk_session_id_test
108/166 Test: s2n_self_talk_session_id_test
Command: ""
Directory: /home/ubuntu/data/workplace/s2n/tests/unit
"s2n_self_talk_session_id_test" start time: 
Output:
----------------------------------------------------------
<end of output>
Test time =   0.00 sec
----------------------------------------------------------
Test Passed.
"s2n_self_talk_session_id_test" end time: Jul 11 08:41 UTC
"s2n_self_talk_session_id_test" time elapsed: 00:00:00
----------------------------------------------------------

Unable to find executable: /home/ubuntu/data/workplace/s2n/bin/s2n_self_talk_test
109/166 Testing: s2n_self_talk_test
109/166 Test: s2n_self_talk_test
Command: ""
Directory: /home/ubuntu/data/workplace/s2n/tests/unit
"s2n_self_talk_test" start time: 
Output:
----------------------------------------------------------
<end of output>
Test time =   0.00 sec
----------------------------------------------------------
Test Passed.
"s2n_self_talk_test" end time: Jul 11 08:41 UTC
"s2n_self_talk_test" time elapsed: 00:00:00
----------------------------------------------------------

Unable to find executable: /home/ubuntu/data/workplace/s2n/bin/s2n_self_talk_tls13_test
110/166 Testing: s2n_self_talk_tls13_test
110/166 Test: s2n_self_talk_tls13_test
Command: ""
Directory: /home/ubuntu/data/workplace/s2n/tests/unit
"s2n_self_talk_tls13_test" start time: 
Output:
----------------------------------------------------------
<end of output>
Test time =   0.00 sec
----------------------------------------------------------
Test Passed.
"s2n_self_talk_tls13_test" end time: Jul 11 08:41 UTC
"s2n_self_talk_tls13_test" time elapsed: 00:00:00
----------------------------------------------------------

Unable to find executable: /home/ubuntu/data/workplace/s2n/bin/s2n_send_key_update_test
111/166 Testing: s2n_send_key_update_test
111/166 Test: s2n_send_key_update_test
Command: ""
Directory: /home/ubuntu/data/workplace/s2n/tests/unit
"s2n_send_key_update_test" start time: 
Output:
----------------------------------------------------------
<end of output>
Test time =   0.00 sec
----------------------------------------------------------
Test Passed.
"s2n_send_key_update_test" end time: Jul 11 08:41 UTC
"s2n_send_key_update_test" time elapsed: 00:00:00
----------------------------------------------------------

Unable to find executable: /home/ubuntu/data/workplace/s2n/bin/s2n_sequence_number_test
112/166 Testing: s2n_sequence_number_test
112/166 Test: s2n_sequence_number_test
Command: ""
Directory: /home/ubuntu/data/workplace/s2n/tests/unit
"s2n_sequence_number_test" start time: 
Output:
----------------------------------------------------------
<end of output>
Test time =   0.00 sec
----------------------------------------------------------
Test Passed.
"s2n_sequence_number_test" end time: Jul 11 08:41 UTC
"s2n_sequence_number_test" time elapsed: 00:00:00
----------------------------------------------------------

Unable to find executable: /home/ubuntu/data/workplace/s2n/bin/s2n_server_alpn_extension_test
113/166 Testing: s2n_server_alpn_extension_test
113/166 Test: s2n_server_alpn_extension_test
Command: ""
Directory: /home/ubuntu/data/workplace/s2n/tests/unit
"s2n_server_alpn_extension_test" start time: 
Output:
----------------------------------------------------------
<end of output>
Test time =   0.00 sec
----------------------------------------------------------
Test Passed.
"s2n_server_alpn_extension_test" end time: Jul 11 08:41 UTC
"s2n_server_alpn_extension_test" time elapsed: 00:00:00
----------------------------------------------------------

Unable to find executable: /home/ubuntu/data/workplace/s2n/bin/s2n_server_certificate_status_test
114/166 Testing: s2n_server_certificate_status_test
114/166 Test: s2n_server_certificate_status_test
Command: ""
Directory: /home/ubuntu/data/workplace/s2n/tests/unit
"s2n_server_certificate_status_test" start time: 
Output:
----------------------------------------------------------
<end of output>
Test time =   0.00 sec
----------------------------------------------------------
Test Passed.
"s2n_server_certificate_status_test" end time: Jul 11 08:41 UTC
"s2n_server_certificate_status_test" time elapsed: 00:00:00
----------------------------------------------------------

Unable to find executable: /home/ubuntu/data/workplace/s2n/bin/s2n_server_extensions_test
115/166 Testing: s2n_server_extensions_test
115/166 Test: s2n_server_extensions_test
Command: ""
Directory: /home/ubuntu/data/workplace/s2n/tests/unit
"s2n_server_extensions_test" start time: 
Output:
----------------------------------------------------------
<end of output>
Test time =   0.00 sec
----------------------------------------------------------
Test Passed.
"s2n_server_extensions_test" end time: Jul 11 08:41 UTC
"s2n_server_extensions_test" time elapsed: 00:00:00
----------------------------------------------------------

Unable to find executable: /home/ubuntu/data/workplace/s2n/bin/s2n_server_hello_retry_test
116/166 Testing: s2n_server_hello_retry_test
116/166 Test: s2n_server_hello_retry_test
Command: ""
Directory: /home/ubuntu/data/workplace/s2n/tests/unit
"s2n_server_hello_retry_test" start time: 
Output:
----------------------------------------------------------
<end of output>
Test time =   0.00 sec
----------------------------------------------------------
Test Passed.
"s2n_server_hello_retry_test" end time: Jul 11 08:41 UTC
"s2n_server_hello_retry_test" time elapsed: 00:00:00
----------------------------------------------------------

Unable to find executable: /home/ubuntu/data/workplace/s2n/bin/s2n_server_hello_test
117/166 Testing: s2n_server_hello_test
117/166 Test: s2n_server_hello_test
Command: ""
Directory: /home/ubuntu/data/workplace/s2n/tests/unit
"s2n_server_hello_test" start time: 
Output:
----------------------------------------------------------
<end of output>
Test time =   0.00 sec
----------------------------------------------------------
Test Passed.
"s2n_server_hello_test" end time: Jul 11 08:41 UTC
"s2n_server_hello_test" time elapsed: 00:00:00
----------------------------------------------------------

Unable to find executable: /home/ubuntu/data/workplace/s2n/bin/s2n_server_key_share_extension_test
118/166 Testing: s2n_server_key_share_extension_test
118/166 Test: s2n_server_key_share_extension_test
Command: ""
Directory: /home/ubuntu/data/workplace/s2n/tests/unit
"s2n_server_key_share_extension_test" start time: 
Output:
----------------------------------------------------------
<end of output>
Test time =   0.00 sec
----------------------------------------------------------
Test Passed.
"s2n_server_key_share_extension_test" end time: Jul 11 08:41 UTC
"s2n_server_key_share_extension_test" time elapsed: 00:00:00
----------------------------------------------------------

Unable to find executable: /home/ubuntu/data/workplace/s2n/bin/s2n_server_max_frag_len_extension_test
119/166 Testing: s2n_server_max_frag_len_extension_test
119/166 Test: s2n_server_max_frag_len_extension_test
Command: ""
Directory: /home/ubuntu/data/workplace/s2n/tests/unit
"s2n_server_max_frag_len_extension_test" start time: 
Output:
----------------------------------------------------------
<end of output>
Test time =   0.00 sec
----------------------------------------------------------
Test Passed.
"s2n_server_max_frag_len_extension_test" end time: Jul 11 08:41 UTC
"s2n_server_max_frag_len_extension_test" time elapsed: 00:00:00
----------------------------------------------------------

Unable to find executable: /home/ubuntu/data/workplace/s2n/bin/s2n_server_renegotiation_info_test
120/166 Testing: s2n_server_renegotiation_info_test
120/166 Test: s2n_server_renegotiation_info_test
Command: ""
Directory: /home/ubuntu/data/workplace/s2n/tests/unit
"s2n_server_renegotiation_info_test" start time: 
Output:
----------------------------------------------------------
<end of output>
Test time =   0.00 sec
----------------------------------------------------------
Test Passed.
"s2n_server_renegotiation_info_test" end time: Jul 11 08:41 UTC
"s2n_server_renegotiation_info_test" time elapsed: 00:00:00
----------------------------------------------------------

Unable to find executable: /home/ubuntu/data/workplace/s2n/bin/s2n_server_sct_list_extension_test
121/166 Testing: s2n_server_sct_list_extension_test
121/166 Test: s2n_server_sct_list_extension_test
Command: ""
Directory: /home/ubuntu/data/workplace/s2n/tests/unit
"s2n_server_sct_list_extension_test" start time: 
Output:
----------------------------------------------------------
<end of output>
Test time =   0.00 sec
----------------------------------------------------------
Test Passed.
"s2n_server_sct_list_extension_test" end time: Jul 11 08:41 UTC
"s2n_server_sct_list_extension_test" time elapsed: 00:00:00
----------------------------------------------------------

Unable to find executable: /home/ubuntu/data/workplace/s2n/bin/s2n_server_server_name_extension_test
122/166 Testing: s2n_server_server_name_extension_test
122/166 Test: s2n_server_server_name_extension_test
Command: ""
Directory: /home/ubuntu/data/workplace/s2n/tests/unit
"s2n_server_server_name_extension_test" start time: 
Output:
----------------------------------------------------------
<end of output>
Test time =   0.00 sec
----------------------------------------------------------
Test Passed.
"s2n_server_server_name_extension_test" end time: Jul 11 08:41 UTC
"s2n_server_server_name_extension_test" time elapsed: 00:00:00
----------------------------------------------------------

Unable to find executable: /home/ubuntu/data/workplace/s2n/bin/s2n_server_session_ticket_extension_test
123/166 Testing: s2n_server_session_ticket_extension_test
123/166 Test: s2n_server_session_ticket_extension_test
Command: ""
Directory: /home/ubuntu/data/workplace/s2n/tests/unit
"s2n_server_session_ticket_extension_test" start time: 
Output:
----------------------------------------------------------
<end of output>
Test time =   0.00 sec
----------------------------------------------------------
Test Passed.
"s2n_server_session_ticket_extension_test" end time: Jul 11 08:41 UTC
"s2n_server_session_ticket_extension_test" time elapsed: 00:00:00
----------------------------------------------------------

Unable to find executable: /home/ubuntu/data/workplace/s2n/bin/s2n_server_signature_algorithms_extension_test
124/166 Testing: s2n_server_signature_algorithms_extension_test
124/166 Test: s2n_server_signature_algorithms_extension_test
Command: ""
Directory: /home/ubuntu/data/workplace/s2n/tests/unit
"s2n_server_signature_algorithms_extension_test" start time: 
Output:
----------------------------------------------------------
<end of output>
Test time =   0.00 sec
----------------------------------------------------------
Test Passed.
"s2n_server_signature_algorithms_extension_test" end time: Jul 11 08:41 UTC
"s2n_server_signature_algorithms_extension_test" time elapsed: 00:00:00
----------------------------------------------------------

Unable to find executable: /home/ubuntu/data/workplace/s2n/bin/s2n_server_status_request_extension_test
125/166 Testing: s2n_server_status_request_extension_test
125/166 Test: s2n_server_status_request_extension_test
Command: ""
Directory: /home/ubuntu/data/workplace/s2n/tests/unit
"s2n_server_status_request_extension_test" start time: 
Output:
----------------------------------------------------------
<end of output>
Test time =   0.00 sec
----------------------------------------------------------
Test Passed.
"s2n_server_status_request_extension_test" end time: Jul 11 08:41 UTC
"s2n_server_status_request_extension_test" time elapsed: 00:00:00
----------------------------------------------------------

Unable to find executable: /home/ubuntu/data/workplace/s2n/bin/s2n_server_supported_versions_extension_test
126/166 Testing: s2n_server_supported_versions_extension_test
126/166 Test: s2n_server_supported_versions_extension_test
Command: ""
Directory: /home/ubuntu/data/workplace/s2n/tests/unit
"s2n_server_supported_versions_extension_test" start time: 
Output:
----------------------------------------------------------
<end of output>
Test time =   0.00 sec
----------------------------------------------------------
Test Passed.
"s2n_server_supported_versions_extension_test" end time: Jul 11 08:41 UTC
"s2n_server_supported_versions_extension_test" time elapsed: 00:00:00
----------------------------------------------------------

Unable to find executable: /home/ubuntu/data/workplace/s2n/bin/s2n_session_ticket_test
127/166 Testing: s2n_session_ticket_test
127/166 Test: s2n_session_ticket_test
Command: ""
Directory: /home/ubuntu/data/workplace/s2n/tests/unit
"s2n_session_ticket_test" start time: 
Output:
----------------------------------------------------------
<end of output>
Test time =   0.00 sec
----------------------------------------------------------
Test Passed.
"s2n_session_ticket_test" end time: Jul 11 08:41 UTC
"s2n_session_ticket_test" time elapsed: 00:00:00
----------------------------------------------------------

Unable to find executable: /home/ubuntu/data/workplace/s2n/bin/s2n_set_test
128/166 Testing: s2n_set_test
128/166 Test: s2n_set_test
Command: ""
Directory: /home/ubuntu/data/workplace/s2n/tests/unit
[...]
Test Passed.
"s2n_ssl_prf_test" end time: Jul 11 08:41 UTC
"s2n_ssl_prf_test" time elapsed: 00:00:00
----------------------------------------------------------

Unable to find executable: /home/ubuntu/data/workplace/s2n/bin/s2n_stacktrace_test
135/166 Testing: s2n_stacktrace_test
135/166 Test: s2n_stacktrace_test
Command: ""
Directory: /home/ubuntu/data/workplace/s2n/tests/unit
"s2n_stacktrace_test" start time: 
Output:
----------------------------------------------------------
<end of output>
Test time =   0.00 sec
----------------------------------------------------------
Test Passed.
"s2n_stacktrace_test" end time: Jul 11 08:41 UTC
"s2n_stacktrace_test" time elapsed: 00:00:00
----------------------------------------------------------

Unable to find executable: /home/ubuntu/data/workplace/s2n/bin/s2n_str_test
136/166 Testing: s2n_str_test
136/166 Test: s2n_str_test
Command: ""
Directory: /home/ubuntu/data/workplace/s2n/tests/unit
"s2n_str_test" start time: 
Output:
----------------------------------------------------------
<end of output>
Test time =   0.00 sec
----------------------------------------------------------
Test Passed.
"s2n_str_test" end time: Jul 11 08:41 UTC
"s2n_str_test" time elapsed: 00:00:00
----------------------------------------------------------

Unable to find executable: /home/ubuntu/data/workplace/s2n/bin/s2n_stuffer_base64_test
137/166 Testing: s2n_stuffer_base64_test
137/166 Test: s2n_stuffer_base64_test
Command: ""
Directory: /home/ubuntu/data/workplace/s2n/tests/unit
"s2n_stuffer_base64_test" start time: 
Output:
----------------------------------------------------------
<end of output>
Test time =   0.00 sec
----------------------------------------------------------
Test Passed.
"s2n_stuffer_base64_test" end time: Jul 11 08:41 UTC
"s2n_stuffer_base64_test" time elapsed: 00:00:00
----------------------------------------------------------

Unable to find executable: /home/ubuntu/data/workplace/s2n/bin/s2n_stuffer_hex_test
138/166 Testing: s2n_stuffer_hex_test
138/166 Test: s2n_stuffer_hex_test
Command: ""
Directory: /home/ubuntu/data/workplace/s2n/tests/unit
"s2n_stuffer_hex_test" start time: 
Output:
----------------------------------------------------------
<end of output>
Test time =   0.00 sec
----------------------------------------------------------
Test Passed.
"s2n_stuffer_hex_test" end time: Jul 11 08:41 UTC
"s2n_stuffer_hex_test" time elapsed: 00:00:00
----------------------------------------------------------

Unable to find executable: /home/ubuntu/data/workplace/s2n/bin/s2n_stuffer_network_order_test
139/166 Testing: s2n_stuffer_network_order_test
139/166 Test: s2n_stuffer_network_order_test
Command: ""
Directory: /home/ubuntu/data/workplace/s2n/tests/unit
"s2n_stuffer_network_order_test" start time: 
Output:
----------------------------------------------------------
<end of output>
Test time =   0.00 sec
----------------------------------------------------------
Test Passed.
"s2n_stuffer_network_order_test" end time: Jul 11 08:41 UTC
"s2n_stuffer_network_order_test" time elapsed: 00:00:00
----------------------------------------------------------

Unable to find executable: /home/ubuntu/data/workplace/s2n/bin/s2n_stuffer_test
140/166 Testing: s2n_stuffer_test
140/166 Test: s2n_stuffer_test
Command: ""
Directory: /home/ubuntu/data/workplace/s2n/tests/unit
"s2n_stuffer_test" start time: 
Output:
----------------------------------------------------------
<end of output>
Test time =   0.00 sec
----------------------------------------------------------
Test Passed.
"s2n_stuffer_test" end time: Jul 11 08:41 UTC
"s2n_stuffer_test" time elapsed: 00:00:00
----------------------------------------------------------

Unable to find executable: /home/ubuntu/data/workplace/s2n/bin/s2n_stuffer_text_test
141/166 Testing: s2n_stuffer_text_test
141/166 Test: s2n_stuffer_text_test
Command: ""
Directory: /home/ubuntu/data/workplace/s2n/tests/unit
"s2n_stuffer_text_test" start time: 
Output:
----------------------------------------------------------
<end of output>
Test time =   0.00 sec
----------------------------------------------------------
Test Passed.
"s2n_stuffer_text_test" end time: Jul 11 08:41 UTC
"s2n_stuffer_text_test" time elapsed: 00:00:00
----------------------------------------------------------

Unable to find executable: /home/ubuntu/data/workplace/s2n/bin/s2n_testlib_test
142/166 Testing: s2n_testlib_test
142/166 Test: s2n_testlib_test
Command: ""
Directory: /home/ubuntu/data/workplace/s2n/tests/unit
"s2n_testlib_test" start time: 
Output:
----------------------------------------------------------
<end of output>
Test time =   0.00 sec
----------------------------------------------------------
Test Passed.
"s2n_testlib_test" end time: Jul 11 08:41 UTC
"s2n_testlib_test" time elapsed: 00:00:00
----------------------------------------------------------

Unable to find executable: /home/ubuntu/data/workplace/s2n/bin/s2n_timer_test
143/166 Testing: s2n_timer_test
143/166 Test: s2n_timer_test
Command: ""
Directory: /home/ubuntu/data/workplace/s2n/tests/unit
"s2n_timer_test" start time: 
Output:
----------------------------------------------------------
<end of output>
Test time =   0.00 sec
----------------------------------------------------------
Test Passed.
"s2n_timer_test" end time: Jul 11 08:41 UTC
"s2n_timer_test" time elapsed: 00:00:00
----------------------------------------------------------

Unable to find executable: /home/ubuntu/data/workplace/s2n/bin/s2n_tls12_handshake_test
144/166 Testing: s2n_tls12_handshake_test
144/166 Test: s2n_tls12_handshake_test
Command: ""
Directory: /home/ubuntu/data/workplace/s2n/tests/unit
"s2n_tls12_handshake_test" start time: 
Output:
----------------------------------------------------------
<end of output>
Test time =   0.00 sec
----------------------------------------------------------
Test Passed.
"s2n_tls12_handshake_test" end time: Jul 11 08:41 UTC
"s2n_tls12_handshake_test" time elapsed: 00:00:00
----------------------------------------------------------

Unable to find executable: /home/ubuntu/data/workplace/s2n/bin/s2n_tls13_cert_request_extensions_test
145/166 Testing: s2n_tls13_cert_request_extensions_test
145/166 Test: s2n_tls13_cert_request_extensions_test
Command: ""
Directory: /home/ubuntu/data/workplace/s2n/tests/unit
"s2n_tls13_cert_request_extensions_test" start time: 
Output:
----------------------------------------------------------
<end of output>
Test time =   0.00 sec
----------------------------------------------------------
Test Passed.
"s2n_tls13_cert_request_extensions_test" end time: Jul 11 08:41 UTC
"s2n_tls13_cert_request_extensions_test" time elapsed: 00:00:00
----------------------------------------------------------

Unable to find executable: /home/ubuntu/data/workplace/s2n/bin/s2n_tls13_cert_request_test
146/166 Testing: s2n_tls13_cert_request_test
146/166 Test: s2n_tls13_cert_request_test
Command: ""
Directory: /home/ubuntu/data/workplace/s2n/tests/unit
"s2n_tls13_cert_request_test" start time: 
Output:
----------------------------------------------------------
<end of output>
Test time =   0.00 sec
----------------------------------------------------------
Test Passed.
"s2n_tls13_cert_request_test" end time: Jul 11 08:41 UTC
"s2n_tls13_cert_request_test" time elapsed: 00:00:00
----------------------------------------------------------

Unable to find executable: /home/ubuntu/data/workplace/s2n/bin/s2n_tls13_cert_verify_test
147/166 Testing: s2n_tls13_cert_verify_test
147/166 Test: s2n_tls13_cert_verify_test
Command: ""
Directory: /home/ubuntu/data/workplace/s2n/tests/unit
"s2n_tls13_cert_verify_test" start time: 
Output:
----------------------------------------------------------
<end of output>
Test time =   0.00 sec
----------------------------------------------------------
Test Passed.
"s2n_tls13_cert_verify_test" end time: Jul 11 08:41 UTC
"s2n_tls13_cert_verify_test" time elapsed: 00:00:00
----------------------------------------------------------

Unable to find executable: /home/ubuntu/data/workplace/s2n/bin/s2n_tls13_client_finished_test
148/166 Testing: s2n_tls13_client_finished_test
148/166 Test: s2n_tls13_client_finished_test
Command: ""
Directory: /home/ubuntu/data/workplace/s2n/tests/unit
"s2n_tls13_client_finished_test" start time: 
Output:
----------------------------------------------------------
<end of output>
Test time =   0.00 sec
----------------------------------------------------------
Test Passed.
"s2n_tls13_client_finished_test" end time: Jul 11 08:41 UTC
"s2n_tls13_client_finished_test" time elapsed: 00:00:00
----------------------------------------------------------

Unable to find executable: /home/ubuntu/data/workplace/s2n/bin/s2n_tls13_compute_shared_secret_test
149/166 Testing: s2n_tls13_compute_shared_secret_test
149/166 Test: s2n_tls13_compute_shared_secret_test
Command: ""
Directory: /home/ubuntu/data/workplace/s2n/tests/unit
"s2n_tls13_compute_shared_secret_test" start time: 
Output:
----------------------------------------------------------
<end of output>
Test time =   0.00 sec
----------------------------------------------------------
Test Passed.
"s2n_tls13_compute_shared_secret_test" end time: Jul 11 08:41 UTC
"s2n_tls13_compute_shared_secret_test" time elapsed: 00:00:00
----------------------------------------------------------

Unable to find executable: /home/ubuntu/data/workplace/s2n/bin/s2n_tls13_cookie_test
150/166 Testing: s2n_tls13_cookie_test
150/166 Test: s2n_tls13_cookie_test
Command: ""
Directory: /home/ubuntu/data/workplace/s2n/tests/unit
"s2n_tls13_cookie_test" start time: 
Output:
----------------------------------------------------------
<end of output>
Test time =   0.00 sec
----------------------------------------------------------
Test Passed.
"s2n_tls13_cookie_test" end time: Jul 11 08:41 UTC
"s2n_tls13_cookie_test" time elapsed: 00:00:00
----------------------------------------------------------

Unable to find executable: /home/ubuntu/data/workplace/s2n/bin/s2n_tls13_handshake_test
151/166 Testing: s2n_tls13_handshake_test
151/166 Test: s2n_tls13_handshake_test
Command: ""
Directory: /home/ubuntu/data/workplace/s2n/tests/unit
"s2n_tls13_handshake_test" start time: 
Output:
----------------------------------------------------------
<end of output>
Test time =   0.00 sec
----------------------------------------------------------
Test Passed.
"s2n_tls13_handshake_test" end time: Jul 11 08:41 UTC
"s2n_tls13_handshake_test" time elapsed: 00:00:00
----------------------------------------------------------

Unable to find executable: /home/ubuntu/data/workplace/s2n/bin/s2n_tls13_keys_test
152/166 Testing: s2n_tls13_keys_test
152/166 Test: s2n_tls13_keys_test
Command: ""
Directory: /home/ubuntu/data/workplace/s2n/tests/unit
"s2n_tls13_keys_test" start time: 
Output:
----------------------------------------------------------
<end of output>
Test time =   0.00 sec
----------------------------------------------------------
Test Passed.
"s2n_tls13_keys_test" end time: Jul 11 08:41 UTC
"s2n_tls13_keys_test" time elapsed: 00:00:00
----------------------------------------------------------

Unable to find executable: /home/ubuntu/data/workplace/s2n/bin/s2n_tls13_parse_record_type_test
153/166 Testing: s2n_tls13_parse_record_type_test
153/166 Test: s2n_tls13_parse_record_type_test
Command: ""
Directory: /home/ubuntu/data/workplace/s2n/tests/unit
"s2n_tls13_parse_record_type_test" start time: 
Output:
----------------------------------------------------------
<end of output>
Test time =   0.00 sec
----------------------------------------------------------
Test Passed.
"s2n_tls13_parse_record_type_test" end time: Jul 11 08:41 UTC
"s2n_tls13_parse_record_type_test" time elapsed: 00:00:00
----------------------------------------------------------

Unable to find executable: /home/ubuntu/data/workplace/s2n/bin/s2n_tls13_prf_test
154/166 Testing: s2n_tls13_prf_test
154/166 Test: s2n_tls13_prf_test
Command: ""
Directory: /home/ubuntu/data/workplace/s2n/tests/unit
"s2n_tls13_prf_test" start time: 
Output:
----------------------------------------------------------
<end of output>
Test time =   0.00 sec
----------------------------------------------------------
Test Passed.
"s2n_tls13_prf_test" end time: Jul 11 08:41 UTC
"s2n_tls13_prf_test" time elapsed: 00:00:00
----------------------------------------------------------

Unable to find executable: /home/ubuntu/data/workplace/s2n/bin/s2n_tls13_record_aead_test
155/166 Testing: s2n_tls13_record_aead_test
155/166 Test: s2n_tls13_record_aead_test
Command: ""
Directory: /home/ubuntu/data/workplace/s2n/tests/unit
"s2n_tls13_record_aead_test" start time: 
Output:
----------------------------------------------------------
<end of output>
Test time =   0.00 sec
----------------------------------------------------------
Test Passed.
"s2n_tls13_record_aead_test" end time: Jul 11 08:41 UTC
"s2n_tls13_record_aead_test" time elapsed: 00:00:00
----------------------------------------------------------

Unable to find executable: /home/ubuntu/data/workplace/s2n/bin/s2n_tls13_server_cert_test
156/166 Testing: s2n_tls13_server_cert_test
156/166 Test: s2n_tls13_server_cert_test
Command: ""
Directory: /home/ubuntu/data/workplace/s2n/tests/unit
"s2n_tls13_server_cert_test" start time: 
Output:
----------------------------------------------------------
<end of output>
Test time =   0.00 sec
----------------------------------------------------------
Test Passed.
"s2n_tls13_server_cert_test" end time: Jul 11 08:41 UTC
"s2n_tls13_server_cert_test" time elapsed: 00:00:00
----------------------------------------------------------

Unable to find executable: /home/ubuntu/data/workplace/s2n/bin/s2n_tls13_server_finished_test
157/166 Testing: s2n_tls13_server_finished_test
157/166 Test: s2n_tls13_server_finished_test
Command: ""
Directory: /home/ubuntu/data/workplace/s2n/tests/unit
"s2n_tls13_server_finished_test" start time: 
Output:
----------------------------------------------------------
<end of output>
Test time =   0.00 sec
----------------------------------------------------------
Test Passed.
"s2n_tls13_server_finished_test" end time: Jul 11 08:41 UTC
"s2n_tls13_server_finished_test" time elapsed: 00:00:00
----------------------------------------------------------

Unable to find executable: /home/ubuntu/data/workplace/s2n/bin/s2n_tls13_state_machine_handshake_test
158/166 Testing: s2n_tls13_state_machine_handshake_test
158/166 Test: s2n_tls13_state_machine_handshake_test
Command: ""
Directory: /home/ubuntu/data/workplace/s2n/tests/unit
"s2n_tls13_state_machine_handshake_test" start time: 
Output:
----------------------------------------------------------
<end of output>
Test time =   0.00 sec
----------------------------------------------------------
Test Passed.
"s2n_tls13_state_machine_handshake_test" end time: Jul 11 08:41 UTC
"s2n_tls13_state_machine_handshake_test" time elapsed: 00:00:00
----------------------------------------------------------

Unable to find executable: /home/ubuntu/data/workplace/s2n/bin/s2n_tls13_support_test
159/166 Testing: s2n_tls13_support_test
159/166 Test: s2n_tls13_support_test
Command: ""
Directory: /home/ubuntu/data/workplace/s2n/tests/unit
"s2n_tls13_support_test" start time: 
Output:
----------------------------------------------------------
<end of output>
Test time =   0.00 sec
----------------------------------------------------------
Test Passed.
"s2n_tls13_support_test" end time: Jul 11 08:41 UTC
"s2n_tls13_support_test" time elapsed: 00:00:00
----------------------------------------------------------

Unable to find executable: /home/ubuntu/data/workplace/s2n/bin/s2n_tls13_zero_length_payload_test
160/166 Testing: s2n_tls13_zero_length_payload_test
160/166 Test: s2n_tls13_zero_length_payload_test
Command: ""
Directory: /home/ubuntu/data/workplace/s2n/tests/unit
"s2n_tls13_zero_length_payload_test" start time: 
Output:
----------------------------------------------------------
<end of output>
Test time =   0.00 sec
----------------------------------------------------------
Test Passed.
"s2n_tls13_zero_length_payload_test" end time: Jul 11 08:41 UTC
"s2n_tls13_zero_length_payload_test" time elapsed: 00:00:00
----------------------------------------------------------

Unable to find executable: /home/ubuntu/data/workplace/s2n/bin/s2n_tls_hybrid_prf_test
161/166 Testing: s2n_tls_hybrid_prf_test
161/166 Test: s2n_tls_hybrid_prf_test
Command: ""
Directory: /home/ubuntu/data/workplace/s2n/tests/unit
"s2n_tls_hybrid_prf_test" start time: 
Output:
----------------------------------------------------------
<end of output>
Test time =   0.00 sec
----------------------------------------------------------
Test Passed.
"s2n_tls_hybrid_prf_test" end time: Jul 11 08:41 UTC
"s2n_tls_hybrid_prf_test" time elapsed: 00:00:00
----------------------------------------------------------

Unable to find executable: /home/ubuntu/data/workplace/s2n/bin/s2n_tls_prf_test
162/166 Testing: s2n_tls_prf_test
162/166 Test: s2n_tls_prf_test
Command: ""
Directory: /home/ubuntu/data/workplace/s2n/tests/unit
"s2n_tls_prf_test" start time: 
Output:
----------------------------------------------------------
<end of output>
Test time =   0.00 sec
----------------------------------------------------------
Test Passed.
"s2n_tls_prf_test" end time: Jul 11 08:41 UTC
"s2n_tls_prf_test" time elapsed: 00:00:00
----------------------------------------------------------

Unable to find executable: /home/ubuntu/data/workplace/s2n/bin/s2n_tls_record_stuffer_test
163/166 Testing: s2n_tls_record_stuffer_test
163/166 Test: s2n_tls_record_stuffer_test
Command: ""
Directory: /home/ubuntu/data/workplace/s2n/tests/unit
"s2n_tls_record_stuffer_test" start time: 
Output:
----------------------------------------------------------
<end of output>
Test time =   0.00 sec
----------------------------------------------------------
Test Passed.
"s2n_tls_record_stuffer_test" end time: Jul 11 08:41 UTC
"s2n_tls_record_stuffer_test" time elapsed: 00:00:00
----------------------------------------------------------

Unable to find executable: /home/ubuntu/data/workplace/s2n/bin/s2n_utils_test
164/166 Testing: s2n_utils_test
164/166 Test: s2n_utils_test
Command: ""
Directory: /home/ubuntu/data/workplace/s2n/tests/unit
"s2n_utils_test" start time: 
Output:
----------------------------------------------------------
<end of output>
Test time =   0.00 sec
----------------------------------------------------------
Test Passed.
"s2n_utils_test" end time: Jul 11 08:41 UTC
"s2n_utils_test" time elapsed: 00:00:00
----------------------------------------------------------

Unable to find executable: /home/ubuntu/data/workplace/s2n/bin/s2n_wildcard_hostname_test
165/166 Testing: s2n_wildcard_hostname_test
165/166 Test: s2n_wildcard_hostname_test
Command: ""
Directory: /home/ubuntu/data/workplace/s2n/tests/unit
"s2n_wildcard_hostname_test" start time: 
Output:
----------------------------------------------------------
<end of output>
Test time =   0.00 sec
----------------------------------------------------------
Test Passed.
"s2n_wildcard_hostname_test" end time: Jul 11 08:41 UTC
"s2n_wildcard_hostname_test" time elapsed: 00:00:00
----------------------------------------------------------

Unable to find executable: /home/ubuntu/data/workplace/s2n/bin/s2n_x509_validator_test
166/166 Testing: s2n_x509_validator_test
166/166 Test: s2n_x509_validator_test
Command: ""
Directory: /home/ubuntu/data/workplace/s2n/tests/unit
"s2n_x509_validator_test" start time: 
Output:
----------------------------------------------------------
<end of output>
Test time =   0.00 sec
----------------------------------------------------------
Test Passed.
"s2n_x509_validator_test" end time: Jul 11 08:41 UTC
"s2n_x509_validator_test" time elapsed: 00:00:00
----------------------------------------------------------

End testing: Jul 11 08:41 UTC
